xrun(64): 18.09-s011: (c) Copyright 1995-2019 Cadence Design Systems, Inc.
TOOL:	xrun(64)	18.09-s011: Started on Mar 12, 2022 at 14:16:05 CST
xrun
	-64bit
	-gui
	-access r
	defines.v
	defines.v
	testbench.v
	topLevelCircuit.v
	modules/adder.v
	modules/ALU.v
	modules/mux.v
	modules/register.v
	modules/signExtend.v
	modules/controlUnit/conditionChecker.v
	modules/controlUnit/controller.v
	modules/hazard_forwarding/forwarding.v
	modules/hazard_forwarding/hazardDetection.v
	modules/memoryModules/dataMem.v
	modules/memoryModules/instructionMem.v
	modules/memoryModules/regFile.v
	modules/pipeRegisters/EXE2MEM.v
	modules/pipeRegisters/ID2EXE.v
	modules/pipeRegisters/IF2ID.v
	modules/pipeRegisters/MEM2WB.v
	modules/pipeStages/EXEStage.v
	modules/pipeStages/IDStage.v
	modules/pipeStages/IFStage.v
	modules/pipeStages/MEMStage.v
	modules/pipeStages/WBStage.v
file: modules/mux.v
module mux #(parameter integer LENGTH) (in1, in2, sel, out);
                                     |
xmvlog: *E,EXPEQL (modules/mux.v,3|37): expecting an equal sign ('=') [3.10(IEEE)].
	module worklib.mux:v
		errors: 1, warnings: 0
module mux_3input #(parameter integer LENGTH) (in1, in2, in3, sel, out);
                                            |
xmvlog: *E,EXPEQL (modules/mux.v,11|44): expecting an equal sign ('=') [3.10(IEEE)].
	module worklib.mux_3input:v
		errors: 1, warnings: 0
xrun: *E,VLGERR: An error occurred during parsing.  Review the log file for errors with the code *E and fix those identified problems to proceed.  Exiting with code (status 1).
TOOL:	xrun(64)	18.09-s011: Exiting on Mar 12, 2022 at 14:16:05 CST  (total: 00:00:00)
